<?xml version="1.0" encoding="UTF-8"?>
<testng-results skipped="0" failed="0" ignored="0" total="2" passed="2">
  <reporter-output>
  </reporter-output>
  <suite name="com.sdet.AppTest" duration-ms="43" started-at="2022-02-13T13:52:04 IST" finished-at="2022-02-13T13:52:04 IST">
    <groups>
    </groups>
    <test name="Command line test" duration-ms="43" started-at="2022-02-13T13:52:04 IST" finished-at="2022-02-13T13:52:04 IST">
      <class name="com.sdet.AppTest">
        <test-method status="PASS" signature="testcase1()[pri:0, instance:com.sdet.AppTest@d8355a8]" name="testcase1" duration-ms="8" started-at="2022-02-13T13:52:04 IST" finished-at="2022-02-13T13:52:04 IST">
          <reporter-output>
          </reporter-output>
        </test-method> <!-- testcase1 -->
        <test-method status="PASS" signature="testcase2()[pri:0, instance:com.sdet.AppTest@d8355a8]" name="testcase2" duration-ms="0" started-at="2022-02-13T13:52:04 IST" finished-at="2022-02-13T13:52:04 IST">
          <reporter-output>
          </reporter-output>
        </test-method> <!-- testcase2 -->
      </class> <!-- com.sdet.AppTest -->
    </test> <!-- Command line test -->
  </suite> <!-- com.sdet.AppTest -->
</testng-results>
